Arguments: 
  C:\Program Files\nodejs\node.exe C:\Users\ryancosta\AppData\Roaming\npm\node_modules\yarn\bin\yarn.js init

PATH: 
  C:\Program Files (x86)\Common Files\Oracle\Java\javapath;C:\WINDOWS\system32;C:\WINDOWS;C:\WINDOWS\System32\Wbem;C:\WINDOWS\System32\WindowsPowerShell\v1.0\;C:\WINDOWS\System32\OpenSSH\;C:\Program Files\Microsoft VS Code\bin;C:\ProgramData\chocolatey\bin;C:\Program Files\Microsoft SQL Server\Client SDK\ODBC\170\Tools\Binn\;C:\Program Files (x86)\Microsoft SQL Server\150\Tools\Binn\;C:\Program Files\Microsoft SQL Server\150\Tools\Binn\;C:\Program Files\Microsoft SQL Server\150\DTS\Binn\;C:\Program Files (x86)\Microsoft SQL Server\150\DTS\Binn\;C:\Program Files\dotnet\;C:\Program Files\Microsoft SQL Server\130\Tools\Binn\;C:\Program Files\Git\cmd;C:\Users\ryancosta\AppData\Roaming\nvm;C:\Program Files\nodejs;C:\Program Files (x86)\dotnet\;C:\Program Files\MongoDB\Server\5.0\bin;C:\Program Files\MongoDB\Tools\100\bin;C:\Program Files (x86)\NVIDIA Corporation\PhysX\Common;C:\WINDOWS\system32;C:\WINDOWS;C:\WINDOWS\System32\Wbem;C:\WINDOWS\System32\WindowsPowerShell\v1.0\;C:\WINDOWS\System32\OpenSSH\;C:\Program Files\NVIDIA Corporation\NVIDIA NvDLISR;C:\Program Files\PuTTY\;C:\ProgramData\nvm;C:\Program Files\nodejs;C:\Program Files\nodejs\;C:\Users\ryancosta\AppData\Local\Programs\Python\Python310\Scripts\;C:\Users\ryancosta\AppData\Local\Programs\Python\Python310\;C:\Users\ryancosta\AppData\Local\Programs\Python\Python39\Scripts\;C:\Users\ryancosta\AppData\Local\Programs\Python\Python39\;C:\Users\ryancosta\AppData\Local\Microsoft\WindowsApps;C:\Users\ryancosta\AppData\Local\nvs\;C:\Users\ryancosta\.dotnet\tools;D:\Programas\IntelliJ IDEA Community Edition 2022.2\bin;;C:\ProgramData\nvm;C:\Program Files\nodejs;C:\Users\ryancosta\AppData\Roaming\npm;D:\Programas\MySQL\MySQL Server 8.0\bin;

Yarn version: 
  1.22.10

Node version: 
  18.12.0

Platform: 
  win32 x64

Trace: 
  Error: canceled
      at Interface.<anonymous> (C:\Users\ryancosta\AppData\Roaming\npm\node_modules\yarn\lib\cli.js:136216:13)
      at Interface.emit (node:events:513:28)
      at [_ttyWrite] [as _ttyWrite] (node:internal/readline/interface:1124:18)
      at ReadStream.onkeypress (node:internal/readline/interface:273:20)
      at ReadStream.emit (node:events:513:28)
      at emitKeys (node:internal/readline/utils:357:14)
      at emitKeys.next (<anonymous>)
      at ReadStream.onData (node:internal/readline/emitKeypressEvents:64:36)
      at ReadStream.emit (node:events:513:28)
      at addChunk (node:internal/streams/readable:324:12)

npm manifest: 
  No manifest

yarn manifest: 
  No manifest

Lockfile: 
  No lockfile
